<?xml version="1.0" encoding="UTF-8"?>
<!-- Generated by org.testng.reporters.JUnitReportReporter -->
<testsuite skipped="0" hostname="DESKTOP-CH574A2" name="com.ap.qa.testcases.WomenPageTest" tests="3" failures="0" timestamp="2022-04-22T16:50:43 EDT" time="27.214" errors="0">
  <testcase name="womenPageLinkTest" time="6.721" classname="com.ap.qa.testcases.WomenPageTest"/>
  <system-out/>
  <testcase name="womenPageBannerTest" time="8.888" classname="com.ap.qa.testcases.WomenPageTest"/>
  <system-out/>
  <testcase name="getCategoryList" time="11.605" classname="com.ap.qa.testcases.WomenPageTest"/>
  <system-out/>
</testsuite> <!-- com.ap.qa.testcases.WomenPageTest -->
