<?xml version="1.0" encoding="UTF-8"?>
<!-- Generated by org.testng.reporters.JUnitReportReporter -->
<testsuite skipped="0" hostname="DESKTOP-CH574A2" name="com.ap.qa.testcases.AccountPageTest" tests="3" failures="0" timestamp="2022-04-22T16:50:43 EDT" time="16.644" errors="0">
  <testcase name="accountPageTitleTest" time="5.604" classname="com.ap.qa.testcases.AccountPageTest"/>
  <system-out/>
  <testcase name="AccountPageLinkTest" time="5.112" classname="com.ap.qa.testcases.AccountPageTest"/>
  <system-out/>
  <testcase name="clickOnWomenHeaderLinkTest" time="5.928" classname="com.ap.qa.testcases.AccountPageTest"/>
  <system-out/>
</testsuite> <!-- com.ap.qa.testcases.AccountPageTest -->
